# JRE version: OpenJDK Runtime Environment (17.0.7) (build 17.0.7+0-b2043.56-10550314)
# Java VM: OpenJDK 64-Bit Server VM (17.0.7+0-b2043.56-10550314, mixed mode, tiered, compressed oops, compressed class ptrs, g1 gc, windows-amd64)
GC Precious Log:
 CPUs: 8 total, 8 available
 Memory: 16191M
 Large Page Support: Disabled
 NUMA Support: Disabled
 Compressed Oops: Enabled (32-bit)
 Heap Region Size: 1M
 Heap Min Capacity: 8M
 Heap Initial Capacity: 254M
 Heap Max Capacity: 2G
 Pre-touch: Disabled
 Parallel Workers: 8
 Concurrent Workers: 2
 Concurrent Refinement Workers: 8
 Periodic GC: Disabled
Heap:
 garbage-first heap   total 367616K, used 131893K [0x0000000080000000, 0x0000000100000000)
  region size 1024K, 2 young (2048K), 2 survivors (2048K)
 Metaspace       used 138416K, committed 140288K, reserved 1179648K
  class space    used 18327K, committed 19264K, reserved 1048576K
GC Heap History (20 events):
Event: 2667.088 GC heap after
{Heap after GC invocations=75 (full 0):
 garbage-first heap   total 367616K, used 124334K [0x0000000080000000, 0x0000000100000000)
  region size 1024K, 2 young (2048K), 2 survivors (2048K)
 Metaspace       used 137439K, committed 139264K, reserved 1179648K
  class space    used 18310K, committed 19264K, reserved 1048576K
}
Event: 2667.687 GC heap before
{Heap before GC invocations=75 (full 0):
 garbage-first heap   total 367616K, used 183726K [0x0000000080000000, 0x0000000100000000)
  region size 1024K, 62 young (63488K), 2 survivors (2048K)
 Metaspace       used 137608K, committed 139456K, reserved 1179648K
  class space    used 18310K, committed 19264K, reserved 1048576K
}
Event: 2667.697 GC heap after
{Heap after GC invocations=76 (full 0):
 garbage-first heap   total 367616K, used 132600K [0x0000000080000000, 0x0000000100000000)
  region size 1024K, 10 young (10240K), 10 survivors (10240K)
 Metaspace       used 137608K, committed 139456K, reserved 1179648K
  class space    used 18310K, committed 19264K, reserved 1048576K
}
Event: 2717.419 GC heap before
{Heap before GC invocations=77 (full 0):
 garbage-first heap   total 367616K, used 258552K [0x0000000080000000, 0x0000000100000000)
  region size 1024K, 119 young (121856K), 10 survivors (10240K)
 Metaspace       used 137755K, committed 139648K, reserved 1179648K
  class space    used 18311K, committed 19264K, reserved 1048576K
}
Event: 2717.438 GC heap after
{Heap after GC invocations=78 (full 0):
 garbage-first heap   total 367616K, used 147807K [0x0000000080000000, 0x0000000100000000)
  region size 1024K, 15 young (15360K), 15 survivors (15360K)
 Metaspace       used 137755K, committed 139648K, reserved 1179648K
  class space    used 18311K, committed 19264K, reserved 1048576K
}
Event: 2717.454 GC heap before
{Heap before GC invocations=78 (full 0):
 garbage-first heap   total 367616K, used 149855K [0x0000000080000000, 0x0000000100000000)
  region size 1024K, 17 young (17408K), 15 survivors (15360K)
 Metaspace       used 137759K, committed 139648K, reserved 1179648K
  class space    used 18311K, committed 19264K, reserved 1048576K
}
Event: 2717.471 GC heap after
{Heap after GC invocations=79 (full 0):
 garbage-first heap   total 367616K, used 136071K [0x0000000080000000, 0x0000000100000000)
  region size 1024K, 2 young (2048K), 2 survivors (2048K)
 Metaspace       used 137759K, committed 139648K, reserved 1179648K
  class space    used 18311K, committed 19264K, reserved 1048576K
}
Event: 2717.685 GC heap before
{Heap before GC invocations=79 (full 0):
 garbage-first heap   total 367616K, used 156551K [0x0000000080000000, 0x0000000100000000)
  region size 1024K, 24 young (24576K), 2 survivors (2048K)
 Metaspace       used 137859K, committed 139712K, reserved 1179648K
  class space    used 18311K, committed 19264K, reserved 1048576K
}
Event: 2717.689 GC heap after
{Heap after GC invocations=80 (full 0):
 garbage-first heap   total 367616K, used 135806K [0x0000000080000000, 0x0000000100000000)
  region size 1024K, 2 young (2048K), 2 survivors (2048K)
 Metaspace       used 137859K, committed 139712K, reserved 1179648K
  class space    used 18311K, committed 19264K, reserved 1048576K
}
Event: 3572.386 GC heap before
{Heap before GC invocations=81 (full 0):
 garbage-first heap   total 367616K, used 273022K [0x0000000080000000, 0x0000000100000000)
  region size 1024K, 123 young (125952K), 2 survivors (2048K)
 Metaspace       used 137973K, committed 139840K, reserved 1179648K
  class space    used 18311K, committed 19264K, reserved 1048576K
}
Event: 3572.463 GC heap after
{Heap after GC invocations=82 (full 0):
 garbage-first heap   total 367616K, used 154394K [0x0000000080000000, 0x0000000100000000)
  region size 1024K, 16 young (16384K), 16 survivors (16384K)
 Metaspace       used 137973K, committed 139840K, reserved 1179648K
  class space    used 18311K, committed 19264K, reserved 1048576K
}
Event: 3572.491 GC heap before
{Heap before GC invocations=82 (full 0):
 garbage-first heap   total 367616K, used 155418K [0x0000000080000000, 0x0000000100000000)
  region size 1024K, 17 young (17408K), 16 survivors (16384K)
 Metaspace       used 137979K, committed 139840K, reserved 1179648K
  class space    used 18311K, committed 19264K, reserved 1048576K
}
Event: 3572.559 GC heap after
{Heap after GC invocations=83 (full 0):
 garbage-first heap   total 367616K, used 138298K [0x0000000080000000, 0x0000000100000000)
  region size 1024K, 1 young (1024K), 1 survivors (1024K)
 Metaspace       used 137979K, committed 139840K, reserved 1179648K
  class space    used 18311K, committed 19264K, reserved 1048576K
}
Event: 3573.411 GC heap before
{Heap before GC invocations=83 (full 0):
 garbage-first heap   total 367616K, used 176186K [0x0000000080000000, 0x0000000100000000)
  region size 1024K, 40 young (40960K), 1 survivors (1024K)
 Metaspace       used 138231K, committed 140032K, reserved 1179648K
  class space    used 18327K, committed 19264K, reserved 1048576K
}
Event: 3573.420 GC heap after
{Heap after GC invocations=84 (full 0):
 garbage-first heap   total 367616K, used 140655K [0x0000000080000000, 0x0000000100000000)
  region size 1024K, 4 young (4096K), 4 survivors (4096K)
 Metaspace       used 138231K, committed 140032K, reserved 1179648K
  class space    used 18327K, committed 19264K, reserved 1048576K
}
Event: 4032.461 GC heap before
{Heap before GC invocations=85 (full 0):
 garbage-first heap   total 367616K, used 276847K [0x0000000080000000, 0x0000000100000000)
  region size 1024K, 124 young (126976K), 4 survivors (4096K)
 Metaspace       used 138331K, committed 140224K, reserved 1179648K
  class space    used 18327K, committed 19264K, reserved 1048576K
}
Event: 4032.479 GC heap after
{Heap after GC invocations=86 (full 0):
 garbage-first heap   total 367616K, used 148728K [0x0000000080000000, 0x0000000100000000)
  region size 1024K, 12 young (12288K), 12 survivors (12288K)
 Metaspace       used 138331K, committed 140224K, reserved 1179648K
  class space    used 18327K, committed 19264K, reserved 1048576K
}
Event: 4032.513 GC heap before
{Heap before GC invocations=86 (full 0):
 garbage-first heap   total 367616K, used 153848K [0x0000000080000000, 0x0000000100000000)
  region size 1024K, 17 young (17408K), 12 survivors (12288K)
 Metaspace       used 138332K, committed 140224K, reserved 1179648K
  class space    used 18327K, committed 19264K, reserved 1048576K
}
Event: 4032.562 GC heap after
{Heap after GC invocations=87 (full 0):
 garbage-first heap   total 367616K, used 132113K [0x0000000080000000, 0x0000000100000000)
  region size 1024K, 2 young (2048K), 2 survivors (2048K)
 Metaspace       used 138332K, committed 140224K, reserved 1179648K
  class space    used 18327K, committed 19264K, reserved 1048576K
}
Event: 4032.807 GC heap before
{Heap before GC invocations=87 (full 0):
 garbage-first heap   total 367616K, used 149521K [0x0000000080000000, 0x0000000100000000)
  region size 1024K, 21 young (21504K), 2 survivors (2048K)
 Metaspace       used 138416K, committed 140288K, reserved 1179648K
  class space    used 18327K, committed 19264K, reserved 1048576K
}

