# JRE version: OpenJDK Runtime Environment (17.0.7) (build 17.0.7+0-b2043.56-10550314)
# Java VM: OpenJDK 64-Bit Server VM (17.0.7+0-b2043.56-10550314, mixed mode, tiered, compressed oops, compressed class ptrs, g1 gc, windows-amd64)
GC Precious Log:
 CPUs: 8 total, 8 available
 Memory: 16191M
 Large Page Support: Disabled
 NUMA Support: Disabled
 Compressed Oops: Enabled (32-bit)
 Heap Region Size: 1M
 Heap Min Capacity: 8M
 Heap Initial Capacity: 254M
 Heap Max Capacity: 2G
 Pre-touch: Disabled
 Parallel Workers: 8
 Concurrent Workers: 2
 Concurrent Refinement Workers: 8
 Periodic GC: Disabled
Heap:
 garbage-first heap   total 268288K, used 126534K [0x0000000080000000, 0x0000000100000000)
  region size 1024K, 3 young (3072K), 3 survivors (3072K)
 Metaspace       used 136816K, committed 137728K, reserved 1179648K
  class space    used 18551K, committed 19008K, reserved 1048576K
GC Heap History (20 events):
Event: 347.216 GC heap after
{Heap after GC invocations=55 (full 0):
 garbage-first heap   total 251904K, used 123652K [0x0000000080000000, 0x0000000100000000)
  region size 1024K, 2 young (2048K), 2 survivors (2048K)
 Metaspace       used 108454K, committed 109184K, reserved 1179648K
  class space    used 14424K, committed 14784K, reserved 1048576K
}
Event: 349.231 GC heap before
{Heap before GC invocations=55 (full 0):
 garbage-first heap   total 251904K, used 194308K [0x0000000080000000, 0x0000000100000000)
  region size 1024K, 72 young (73728K), 2 survivors (2048K)
 Metaspace       used 111387K, committed 112192K, reserved 1179648K
  class space    used 14733K, committed 15104K, reserved 1048576K
}
Event: 349.243 GC heap after
{Heap after GC invocations=56 (full 0):
 garbage-first heap   total 251904K, used 130616K [0x0000000080000000, 0x0000000100000000)
  region size 1024K, 8 young (8192K), 8 survivors (8192K)
 Metaspace       used 111387K, committed 112192K, reserved 1179648K
  class space    used 14733K, committed 15104K, reserved 1048576K
}
Event: 350.246 GC heap before
{Heap before GC invocations=57 (full 0):
 garbage-first heap   total 251904K, used 188984K [0x0000000080000000, 0x0000000100000000)
  region size 1024K, 73 young (74752K), 8 survivors (8192K)
 Metaspace       used 118342K, committed 119104K, reserved 1179648K
  class space    used 15645K, committed 16000K, reserved 1048576K
}
Event: 350.256 GC heap after
{Heap after GC invocations=58 (full 0):
 garbage-first heap   total 251904K, used 126896K [0x0000000080000000, 0x0000000100000000)
  region size 1024K, 7 young (7168K), 7 survivors (7168K)
 Metaspace       used 118342K, committed 119104K, reserved 1179648K
  class space    used 15645K, committed 16000K, reserved 1048576K
}
Event: 350.318 GC heap before
{Heap before GC invocations=58 (full 0):
 garbage-first heap   total 251904K, used 134064K [0x0000000080000000, 0x0000000100000000)
  region size 1024K, 12 young (12288K), 7 survivors (7168K)
 Metaspace       used 118663K, committed 119424K, reserved 1179648K
  class space    used 15666K, committed 16000K, reserved 1048576K
}
Event: 350.326 GC heap after
{Heap after GC invocations=59 (full 0):
 garbage-first heap   total 251904K, used 121686K [0x0000000080000000, 0x0000000100000000)
  region size 1024K, 2 young (2048K), 2 survivors (2048K)
 Metaspace       used 118663K, committed 119424K, reserved 1179648K
  class space    used 15666K, committed 16000K, reserved 1048576K
}
Event: 351.804 GC heap before
{Heap before GC invocations=59 (full 0):
 garbage-first heap   total 251904K, used 196438K [0x0000000080000000, 0x0000000100000000)
  region size 1024K, 76 young (77824K), 2 survivors (2048K)
 Metaspace       used 124061K, committed 124864K, reserved 1179648K
  class space    used 16415K, committed 16768K, reserved 1048576K
}
Event: 351.818 GC heap after
{Heap after GC invocations=60 (full 0):
 garbage-first heap   total 251904K, used 129555K [0x0000000080000000, 0x0000000100000000)
  region size 1024K, 10 young (10240K), 10 survivors (10240K)
 Metaspace       used 124061K, committed 124864K, reserved 1179648K
  class space    used 16415K, committed 16768K, reserved 1048576K
}
Event: 352.837 GC heap before
{Heap before GC invocations=61 (full 0):
 garbage-first heap   total 251904K, used 197139K [0x0000000080000000, 0x0000000100000000)
  region size 1024K, 77 young (78848K), 10 survivors (10240K)
 Metaspace       used 133815K, committed 134656K, reserved 1179648K
  class space    used 17999K, committed 18432K, reserved 1048576K
}
Event: 352.845 GC heap after
{Heap after GC invocations=62 (full 0):
 garbage-first heap   total 251904K, used 130955K [0x0000000080000000, 0x0000000100000000)
  region size 1024K, 3 young (3072K), 3 survivors (3072K)
 Metaspace       used 133815K, committed 134656K, reserved 1179648K
  class space    used 17999K, committed 18432K, reserved 1048576K
}
Event: 353.011 GC heap before
{Heap before GC invocations=62 (full 0):
 garbage-first heap   total 251904K, used 139147K [0x0000000080000000, 0x0000000100000000)
  region size 1024K, 12 young (12288K), 3 survivors (3072K)
 Metaspace       used 134808K, committed 135744K, reserved 1179648K
  class space    used 18172K, committed 18624K, reserved 1048576K
}
Event: 353.020 GC heap after
{Heap after GC invocations=63 (full 0):
 garbage-first heap   total 251904K, used 128924K [0x0000000080000000, 0x0000000100000000)
  region size 1024K, 1 young (1024K), 1 survivors (1024K)
 Metaspace       used 134808K, committed 135744K, reserved 1179648K
  class space    used 18172K, committed 18624K, reserved 1048576K
}
Event: 353.404 GC heap before
{Heap before GC invocations=63 (full 0):
 garbage-first heap   total 251904K, used 146332K [0x0000000080000000, 0x0000000100000000)
  region size 1024K, 20 young (20480K), 1 survivors (1024K)
 Metaspace       used 136409K, committed 137280K, reserved 1179648K
  class space    used 18526K, committed 18944K, reserved 1048576K
}
Event: 353.406 GC heap after
{Heap after GC invocations=64 (full 0):
 garbage-first heap   total 251904K, used 129384K [0x0000000080000000, 0x0000000100000000)
  region size 1024K, 2 young (2048K), 2 survivors (2048K)
 Metaspace       used 136409K, committed 137280K, reserved 1179648K
  class space    used 18526K, committed 18944K, reserved 1048576K
}
Event: 470.631 GC heap before
{Heap before GC invocations=65 (full 0):
 garbage-first heap   total 251904K, used 215400K [0x0000000080000000, 0x0000000100000000)
  region size 1024K, 76 young (77824K), 2 survivors (2048K)
 Metaspace       used 136810K, committed 137728K, reserved 1179648K
  class space    used 18551K, committed 19008K, reserved 1048576K
}
Event: 470.655 GC heap after
{Heap after GC invocations=66 (full 0):
 garbage-first heap   total 251904K, used 136137K [0x0000000080000000, 0x0000000100000000)
  region size 1024K, 8 young (8192K), 8 survivors (8192K)
 Metaspace       used 136810K, committed 137728K, reserved 1179648K
  class space    used 18551K, committed 19008K, reserved 1048576K
}
Event: 470.778 GC heap before
{Heap before GC invocations=66 (full 0):
 garbage-first heap   total 251904K, used 139209K [0x0000000080000000, 0x0000000100000000)
  region size 1024K, 12 young (12288K), 8 survivors (8192K)
 Metaspace       used 136816K, committed 137728K, reserved 1179648K
  class space    used 18551K, committed 19008K, reserved 1048576K
}
Event: 470.805 GC heap after
{Heap after GC invocations=67 (full 0):
 garbage-first heap   total 251904K, used 125493K [0x0000000080000000, 0x0000000100000000)
  region size 1024K, 2 young (2048K), 2 survivors (2048K)
 Metaspace       used 136816K, committed 137728K, reserved 1179648K
  class space    used 18551K, committed 19008K, reserved 1048576K
}
Event: 470.843 GC heap before
{Heap before GC invocations=67 (full 0):
 garbage-first heap   total 251904K, used 127541K [0x0000000080000000, 0x0000000100000000)
  region size 1024K, 5 young (5120K), 2 survivors (2048K)
 Metaspace       used 136816K, committed 137728K, reserved 1179648K
  class space    used 18551K, committed 19008K, reserved 1048576K
}

